<?xml version="1.0" encoding="UTF-8"?>
<!-- Generated by org.testng.reporters.JUnitReportReporter -->
<testsuite hostname="LAPTOP-Q01D263N" failures="0" tests="8" name="lession3.mytest" time="٠.٣٥٩" errors="0" timestamp="٢٠٢٥-٠٤-٢٦T٠٤:٢١:٠٦ EET" skipped="7">
  <testcase classname="lession3.mytest" name="TableTest" time="٠.٣٥٩"/>
  <testcase classname="lession3.mytest" name="checkboxcchecked">
    <skipped/>
  </testcase> <!-- checkboxcchecked -->
  <testcase classname="lession3.mytest" name="AlertButton">
    <skipped/>
  </testcase> <!-- AlertButton -->
  <testcase classname="lession3.mytest" name="Droplistchoice">
    <skipped/>
  </testcase> <!-- Droplistchoice -->
  <testcase classname="lession3.mytest" name="autofill">
    <skipped/>
  </testcase> <!-- autofill -->
  <testcase classname="lession3.mytest" name="ConfirmButton">
    <skipped/>
  </testcase> <!-- ConfirmButton -->
  <testcase classname="lession3.mytest" name="radiotest">
    <skipped/>
  </testcase> <!-- radiotest -->
  <testcase classname="lession3.mytest" name="clickontab">
    <skipped/>
  </testcase> <!-- clickontab -->
</testsuite> <!-- lession3.mytest -->
